<?xml version="1.0" encoding="UTF-8"?>
<testsuite xmlns:xsi="http://www.w3.org/2001/XMLSchema-instance" xsi:noNamespaceSchemaLocation="https://maven.apache.org/surefire/maven-surefire-plugin/xsd/surefire-test-report-3.0.xsd" version="3.0" name="TestSuite" time="43.09" tests="24" errors="0" skipped="0" failures="9">
  <properties>
    <property name="sun.desktop" value="windows"/>
    <property name="awt.toolkit" value="sun.awt.windows.WToolkit"/>
    <property name="java.specification.version" value="11"/>
    <property name="sun.cpu.isalist" value="amd64"/>
    <property name="sun.jnu.encoding" value="Cp1252"/>
    <property name="java.class.path" value="C:\Users\AnwarQ\IdeaProjects\selenium-maven-proj\target\test-classes;C:\Users\AnwarQ\IdeaProjects\selenium-maven-proj\target\classes;C:\Users\AnwarQ\.m2\repository\org\seleniumhq\selenium\selenium-java\3.141.59\selenium-java-3.141.59.jar;C:\Users\AnwarQ\.m2\repository\org\seleniumhq\selenium\selenium-api\3.141.59\selenium-api-3.141.59.jar;C:\Users\AnwarQ\.m2\repository\org\seleniumhq\selenium\selenium-chrome-driver\3.141.59\selenium-chrome-driver-3.141.59.jar;C:\Users\AnwarQ\.m2\repository\org\seleniumhq\selenium\selenium-edge-driver\3.141.59\selenium-edge-driver-3.141.59.jar;C:\Users\AnwarQ\.m2\repository\org\seleniumhq\selenium\selenium-firefox-driver\3.141.59\selenium-firefox-driver-3.141.59.jar;C:\Users\AnwarQ\.m2\repository\org\seleniumhq\selenium\selenium-ie-driver\3.141.59\selenium-ie-driver-3.141.59.jar;C:\Users\AnwarQ\.m2\repository\org\seleniumhq\selenium\selenium-opera-driver\3.141.59\selenium-opera-driver-3.141.59.jar;C:\Users\AnwarQ\.m2\repository\org\seleniumhq\selenium\selenium-remote-driver\3.141.59\selenium-remote-driver-3.141.59.jar;C:\Users\AnwarQ\.m2\repository\org\seleniumhq\selenium\selenium-safari-driver\3.141.59\selenium-safari-driver-3.141.59.jar;C:\Users\AnwarQ\.m2\repository\org\seleniumhq\selenium\selenium-support\3.141.59\selenium-support-3.141.59.jar;C:\Users\AnwarQ\.m2\repository\net\bytebuddy\byte-buddy\1.8.15\byte-buddy-1.8.15.jar;C:\Users\AnwarQ\.m2\repository\org\apache\commons\commons-exec\1.3\commons-exec-1.3.jar;C:\Users\AnwarQ\.m2\repository\com\google\guava\guava\25.0-jre\guava-25.0-jre.jar;C:\Users\AnwarQ\.m2\repository\com\google\code\findbugs\jsr305\1.3.9\jsr305-1.3.9.jar;C:\Users\AnwarQ\.m2\repository\org\checkerframework\checker-compat-qual\2.0.0\checker-compat-qual-2.0.0.jar;C:\Users\AnwarQ\.m2\repository\com\google\errorprone\error_prone_annotations\2.1.3\error_prone_annotations-2.1.3.jar;C:\Users\AnwarQ\.m2\repository\com\google\j2objc\j2objc-annotations\1.1\j2objc-annotations-1.1.jar;C:\Users\AnwarQ\.m2\repository\org\codehaus\mojo\animal-sniffer-annotations\1.14\animal-sniffer-annotations-1.14.jar;C:\Users\AnwarQ\.m2\repository\com\squareup\okhttp3\okhttp\3.11.0\okhttp-3.11.0.jar;C:\Users\AnwarQ\.m2\repository\com\squareup\okio\okio\1.14.0\okio-1.14.0.jar;C:\Users\AnwarQ\.m2\repository\org\apache\maven\plugins\maven-compiler-plugin\3.8.0\maven-compiler-plugin-3.8.0.jar;C:\Users\AnwarQ\.m2\repository\org\apache\maven\maven-plugin-api\3.0\maven-plugin-api-3.0.jar;C:\Users\AnwarQ\.m2\repository\org\apache\maven\maven-model\3.0\maven-model-3.0.jar;C:\Users\AnwarQ\.m2\repository\org\sonatype\sisu\sisu-inject-plexus\1.4.2\sisu-inject-plexus-1.4.2.jar;C:\Users\AnwarQ\.m2\repository\org\sonatype\sisu\sisu-inject-bean\1.4.2\sisu-inject-bean-1.4.2.jar;C:\Users\AnwarQ\.m2\repository\org\sonatype\sisu\sisu-guice\2.1.7\sisu-guice-2.1.7-noaop.jar;C:\Users\AnwarQ\.m2\repository\org\apache\maven\maven-artifact\3.0\maven-artifact-3.0.jar;C:\Users\AnwarQ\.m2\repository\org\codehaus\plexus\plexus-utils\2.0.4\plexus-utils-2.0.4.jar;C:\Users\AnwarQ\.m2\repository\org\apache\maven\maven-core\3.0\maven-core-3.0.jar;C:\Users\AnwarQ\.m2\repository\org\apache\maven\maven-settings\3.0\maven-settings-3.0.jar;C:\Users\AnwarQ\.m2\repository\org\apache\maven\maven-settings-builder\3.0\maven-settings-builder-3.0.jar;C:\Users\AnwarQ\.m2\repository\org\apache\maven\maven-repository-metadata\3.0\maven-repository-metadata-3.0.jar;C:\Users\AnwarQ\.m2\repository\org\apache\maven\maven-model-builder\3.0\maven-model-builder-3.0.jar;C:\Users\AnwarQ\.m2\repository\org\apache\maven\maven-aether-provider\3.0\maven-aether-provider-3.0.jar;C:\Users\AnwarQ\.m2\repository\org\sonatype\aether\aether-impl\1.7\aether-impl-1.7.jar;C:\Users\AnwarQ\.m2\repository\org\sonatype\aether\aether-spi\1.7\aether-spi-1.7.jar;C:\Users\AnwarQ\.m2\repository\org\sonatype\aether\aether-api\1.7\aether-api-1.7.jar;C:\Users\AnwarQ\.m2\repository\org\sonatype\aether\aether-util\1.7\aether-util-1.7.jar;C:\Users\AnwarQ\.m2\repository\org\codehaus\plexus\plexus-interpolation\1.14\plexus-interpolation-1.14.jar;C:\Users\AnwarQ\.m2\repository\org\codehaus\plexus\plexus-classworlds\2.2.3\plexus-classworlds-2.2.3.jar;C:\Users\AnwarQ\.m2\repository\org\codehaus\plexus\plexus-component-annotations\1.5.5\plexus-component-annotations-1.5.5.jar;C:\Users\AnwarQ\.m2\repository\org\sonatype\plexus\plexus-sec-dispatcher\1.3\plexus-sec-dispatcher-1.3.jar;C:\Users\AnwarQ\.m2\repository\org\sonatype\plexus\plexus-cipher\1.4\plexus-cipher-1.4.jar;C:\Users\AnwarQ\.m2\repository\org\apache\maven\shared\maven-shared-utils\3.2.1\maven-shared-utils-3.2.1.jar;C:\Users\AnwarQ\.m2\repository\commons-io\commons-io\2.5\commons-io-2.5.jar;C:\Users\AnwarQ\.m2\repository\org\apache\maven\shared\maven-shared-incremental\1.1\maven-shared-incremental-1.1.jar;C:\Users\AnwarQ\.m2\repository\org\codehaus\plexus\plexus-java\0.9.10\plexus-java-0.9.10.jar;C:\Users\AnwarQ\.m2\repository\org\ow2\asm\asm\6.2\asm-6.2.jar;C:\Users\AnwarQ\.m2\repository\com\thoughtworks\qdox\qdox\2.0-M8\qdox-2.0-M8.jar;C:\Users\AnwarQ\.m2\repository\org\codehaus\plexus\plexus-compiler-api\2.8.4\plexus-compiler-api-2.8.4.jar;C:\Users\AnwarQ\.m2\repository\org\codehaus\plexus\plexus-compiler-manager\2.8.4\plexus-compiler-manager-2.8.4.jar;C:\Users\AnwarQ\.m2\repository\org\codehaus\plexus\plexus-compiler-javac\2.8.4\plexus-compiler-javac-2.8.4.jar;C:\Users\AnwarQ\.m2\repository\junit\junit\4.13.2\junit-4.13.2.jar;C:\Users\AnwarQ\.m2\repository\org\hamcrest\hamcrest-core\1.3\hamcrest-core-1.3.jar;C:\Users\AnwarQ\.m2\repository\org\easytesting\fest-assert\1.4\fest-assert-1.4.jar;C:\Users\AnwarQ\.m2\repository\org\easytesting\fest-util\1.1.6\fest-util-1.1.6.jar;C:\Users\AnwarQ\.m2\repository\org\testng\testng\7.4.0\testng-7.4.0.jar;C:\Users\AnwarQ\.m2\repository\com\beust\jcommander\1.78\jcommander-1.78.jar;C:\Users\AnwarQ\.m2\repository\org\webjars\jquery\3.5.1\jquery-3.5.1.jar;"/>
    <property name="java.vm.vendor" value="Oracle Corporation"/>
    <property name="sun.arch.data.model" value="64"/>
    <property name="user.variant" value=""/>
    <property name="java.vendor.url" value="https://openjdk.java.net/"/>
    <property name="user.timezone" value="Asia/Jerusalem"/>
    <property name="java.vm.specification.version" value="11"/>
    <property name="os.name" value="Windows 10"/>
    <property name="sun.java.launcher" value="SUN_STANDARD"/>
    <property name="user.country" value="US"/>
    <property name="sun.boot.library.path" value="C:\Program Files\Java\jdk-11.0.11\bin"/>
    <property name="sun.java.command" value="C:\Users\AnwarQ\AppData\Local\Temp\surefire11159749036128949052\surefirebooter16660409194149553449.jar C:\Users\AnwarQ\AppData\Local\Temp\surefire11159749036128949052 2021-08-16T14-09-35_206-jvmRun1 surefire2611548051819312905tmp surefire_017056669786248953496tmp"/>
    <property name="jdk.debug" value="release"/>
    <property name="surefire.test.class.path" value="C:\Users\AnwarQ\IdeaProjects\selenium-maven-proj\target\test-classes;C:\Users\AnwarQ\IdeaProjects\selenium-maven-proj\target\classes;C:\Users\AnwarQ\.m2\repository\org\seleniumhq\selenium\selenium-java\3.141.59\selenium-java-3.141.59.jar;C:\Users\AnwarQ\.m2\repository\org\seleniumhq\selenium\selenium-api\3.141.59\selenium-api-3.141.59.jar;C:\Users\AnwarQ\.m2\repository\org\seleniumhq\selenium\selenium-chrome-driver\3.141.59\selenium-chrome-driver-3.141.59.jar;C:\Users\AnwarQ\.m2\repository\org\seleniumhq\selenium\selenium-edge-driver\3.141.59\selenium-edge-driver-3.141.59.jar;C:\Users\AnwarQ\.m2\repository\org\seleniumhq\selenium\selenium-firefox-driver\3.141.59\selenium-firefox-driver-3.141.59.jar;C:\Users\AnwarQ\.m2\repository\org\seleniumhq\selenium\selenium-ie-driver\3.141.59\selenium-ie-driver-3.141.59.jar;C:\Users\AnwarQ\.m2\repository\org\seleniumhq\selenium\selenium-opera-driver\3.141.59\selenium-opera-driver-3.141.59.jar;C:\Users\AnwarQ\.m2\repository\org\seleniumhq\selenium\selenium-remote-driver\3.141.59\selenium-remote-driver-3.141.59.jar;C:\Users\AnwarQ\.m2\repository\org\seleniumhq\selenium\selenium-safari-driver\3.141.59\selenium-safari-driver-3.141.59.jar;C:\Users\AnwarQ\.m2\repository\org\seleniumhq\selenium\selenium-support\3.141.59\selenium-support-3.141.59.jar;C:\Users\AnwarQ\.m2\repository\net\bytebuddy\byte-buddy\1.8.15\byte-buddy-1.8.15.jar;C:\Users\AnwarQ\.m2\repository\org\apache\commons\commons-exec\1.3\commons-exec-1.3.jar;C:\Users\AnwarQ\.m2\repository\com\google\guava\guava\25.0-jre\guava-25.0-jre.jar;C:\Users\AnwarQ\.m2\repository\com\google\code\findbugs\jsr305\1.3.9\jsr305-1.3.9.jar;C:\Users\AnwarQ\.m2\repository\org\checkerframework\checker-compat-qual\2.0.0\checker-compat-qual-2.0.0.jar;C:\Users\AnwarQ\.m2\repository\com\google\errorprone\error_prone_annotations\2.1.3\error_prone_annotations-2.1.3.jar;C:\Users\AnwarQ\.m2\repository\com\google\j2objc\j2objc-annotations\1.1\j2objc-annotations-1.1.jar;C:\Users\AnwarQ\.m2\repository\org\codehaus\mojo\animal-sniffer-annotations\1.14\animal-sniffer-annotations-1.14.jar;C:\Users\AnwarQ\.m2\repository\com\squareup\okhttp3\okhttp\3.11.0\okhttp-3.11.0.jar;C:\Users\AnwarQ\.m2\repository\com\squareup\okio\okio\1.14.0\okio-1.14.0.jar;C:\Users\AnwarQ\.m2\repository\org\apache\maven\plugins\maven-compiler-plugin\3.8.0\maven-compiler-plugin-3.8.0.jar;C:\Users\AnwarQ\.m2\repository\org\apache\maven\maven-plugin-api\3.0\maven-plugin-api-3.0.jar;C:\Users\AnwarQ\.m2\repository\org\apache\maven\maven-model\3.0\maven-model-3.0.jar;C:\Users\AnwarQ\.m2\repository\org\sonatype\sisu\sisu-inject-plexus\1.4.2\sisu-inject-plexus-1.4.2.jar;C:\Users\AnwarQ\.m2\repository\org\sonatype\sisu\sisu-inject-bean\1.4.2\sisu-inject-bean-1.4.2.jar;C:\Users\AnwarQ\.m2\repository\org\sonatype\sisu\sisu-guice\2.1.7\sisu-guice-2.1.7-noaop.jar;C:\Users\AnwarQ\.m2\repository\org\apache\maven\maven-artifact\3.0\maven-artifact-3.0.jar;C:\Users\AnwarQ\.m2\repository\org\codehaus\plexus\plexus-utils\2.0.4\plexus-utils-2.0.4.jar;C:\Users\AnwarQ\.m2\repository\org\apache\maven\maven-core\3.0\maven-core-3.0.jar;C:\Users\AnwarQ\.m2\repository\org\apache\maven\maven-settings\3.0\maven-settings-3.0.jar;C:\Users\AnwarQ\.m2\repository\org\apache\maven\maven-settings-builder\3.0\maven-settings-builder-3.0.jar;C:\Users\AnwarQ\.m2\repository\org\apache\maven\maven-repository-metadata\3.0\maven-repository-metadata-3.0.jar;C:\Users\AnwarQ\.m2\repository\org\apache\maven\maven-model-builder\3.0\maven-model-builder-3.0.jar;C:\Users\AnwarQ\.m2\repository\org\apache\maven\maven-aether-provider\3.0\maven-aether-provider-3.0.jar;C:\Users\AnwarQ\.m2\repository\org\sonatype\aether\aether-impl\1.7\aether-impl-1.7.jar;C:\Users\AnwarQ\.m2\repository\org\sonatype\aether\aether-spi\1.7\aether-spi-1.7.jar;C:\Users\AnwarQ\.m2\repository\org\sonatype\aether\aether-api\1.7\aether-api-1.7.jar;C:\Users\AnwarQ\.m2\repository\org\sonatype\aether\aether-util\1.7\aether-util-1.7.jar;C:\Users\AnwarQ\.m2\repository\org\codehaus\plexus\plexus-interpolation\1.14\plexus-interpolation-1.14.jar;C:\Users\AnwarQ\.m2\repository\org\codehaus\plexus\plexus-classworlds\2.2.3\plexus-classworlds-2.2.3.jar;C:\Users\AnwarQ\.m2\repository\org\codehaus\plexus\plexus-component-annotations\1.5.5\plexus-component-annotations-1.5.5.jar;C:\Users\AnwarQ\.m2\repository\org\sonatype\plexus\plexus-sec-dispatcher\1.3\plexus-sec-dispatcher-1.3.jar;C:\Users\AnwarQ\.m2\repository\org\sonatype\plexus\plexus-cipher\1.4\plexus-cipher-1.4.jar;C:\Users\AnwarQ\.m2\repository\org\apache\maven\shared\maven-shared-utils\3.2.1\maven-shared-utils-3.2.1.jar;C:\Users\AnwarQ\.m2\repository\commons-io\commons-io\2.5\commons-io-2.5.jar;C:\Users\AnwarQ\.m2\repository\org\apache\maven\shared\maven-shared-incremental\1.1\maven-shared-incremental-1.1.jar;C:\Users\AnwarQ\.m2\repository\org\codehaus\plexus\plexus-java\0.9.10\plexus-java-0.9.10.jar;C:\Users\AnwarQ\.m2\repository\org\ow2\asm\asm\6.2\asm-6.2.jar;C:\Users\AnwarQ\.m2\repository\com\thoughtworks\qdox\qdox\2.0-M8\qdox-2.0-M8.jar;C:\Users\AnwarQ\.m2\repository\org\codehaus\plexus\plexus-compiler-api\2.8.4\plexus-compiler-api-2.8.4.jar;C:\Users\AnwarQ\.m2\repository\org\codehaus\plexus\plexus-compiler-manager\2.8.4\plexus-compiler-manager-2.8.4.jar;C:\Users\AnwarQ\.m2\repository\org\codehaus\plexus\plexus-compiler-javac\2.8.4\plexus-compiler-javac-2.8.4.jar;C:\Users\AnwarQ\.m2\repository\junit\junit\4.13.2\junit-4.13.2.jar;C:\Users\AnwarQ\.m2\repository\org\hamcrest\hamcrest-core\1.3\hamcrest-core-1.3.jar;C:\Users\AnwarQ\.m2\repository\org\easytesting\fest-assert\1.4\fest-assert-1.4.jar;C:\Users\AnwarQ\.m2\repository\org\easytesting\fest-util\1.1.6\fest-util-1.1.6.jar;C:\Users\AnwarQ\.m2\repository\org\testng\testng\7.4.0\testng-7.4.0.jar;C:\Users\AnwarQ\.m2\repository\com\beust\jcommander\1.78\jcommander-1.78.jar;C:\Users\AnwarQ\.m2\repository\org\webjars\jquery\3.5.1\jquery-3.5.1.jar;"/>
    <property name="sun.cpu.endian" value="little"/>
    <property name="user.home" value="C:\Users\AnwarQ"/>
    <property name="user.language" value="en"/>
    <property name="java.specification.vendor" value="Oracle Corporation"/>
    <property name="java.version.date" value="2021-04-20"/>
    <property name="java.home" value="C:\Program Files\Java\jdk-11.0.11"/>
    <property name="file.separator" value="\"/>
    <property name="basedir" value="C:\Users\AnwarQ\IdeaProjects\selenium-maven-proj"/>
    <property name="java.vm.compressedOopsMode" value="Zero based"/>
    <property name="line.separator" value="&#10;"/>
    <property name="java.specification.name" value="Java Platform API Specification"/>
    <property name="java.vm.specification.vendor" value="Oracle Corporation"/>
    <property name="java.awt.graphicsenv" value="sun.awt.Win32GraphicsEnvironment"/>
    <property name="surefire.real.class.path" value="C:\Users\AnwarQ\AppData\Local\Temp\surefire11159749036128949052\surefirebooter16660409194149553449.jar"/>
    <property name="user.script" value=""/>
    <property name="sun.management.compiler" value="HotSpot 64-Bit Tiered Compilers"/>
    <property name="java.runtime.version" value="11.0.11+9-LTS-194"/>
    <property name="user.name" value="AnwarQ"/>
    <property name="path.separator" value=";"/>
    <property name="os.version" value="10.0"/>
    <property name="java.runtime.name" value="Java(TM) SE Runtime Environment"/>
    <property name="file.encoding" value="Cp1252"/>
    <property name="java.vm.name" value="Java HotSpot(TM) 64-Bit Server VM"/>
    <property name="java.vendor.version" value="18.9"/>
    <property name="localRepository" value="C:\Users\AnwarQ\.m2\repository"/>
    <property name="java.vendor.url.bug" value="https://bugreport.java.com/bugreport/"/>
    <property name="java.io.tmpdir" value="C:\Users\AnwarQ\AppData\Local\Temp\"/>
    <property name="java.version" value="11.0.11"/>
    <property name="user.dir" value="C:\Users\AnwarQ\IdeaProjects\selenium-maven-proj"/>
    <property name="os.arch" value="amd64"/>
    <property name="java.vm.specification.name" value="Java Virtual Machine Specification"/>
    <property name="java.awt.printerjob" value="sun.awt.windows.WPrinterJob"/>
    <property name="sun.os.patch.level" value=""/>
    <property name="java.library.path" value="C:\Program Files\Java\jdk-11.0.11\bin;C:\Windows\Sun\Java\bin;C:\Windows\system32;C:\Windows;C:\Program Files\Common Files\Oracle\Java\javapath;C:\Windows\system32;C:\Windows;C:\Windows\System32\Wbem;C:\Windows\System32\WindowsPowerShell\v1.0\;C:\Windows\System32\OpenSSH\;C:\Program Files\Git\cmd;C:\Users\AnwarQ\AppData\Local\Programs\Python\Python39;C:\Program Files\apache-maven-3.8.2\bin;C:\Users\AnwarQ\AppData\Local\Programs\Python\Python39\Scripts\;C:\Users\AnwarQ\AppData\Local\Programs\Python\Python39\;C:\Users\AnwarQ\AppData\Local\Programs\Python\Launcher\;C:\Users\AnwarQ\AppData\Local\Microsoft\WindowsApps;C:\Users\AnwarQ\AppData\Local\JetBrains\PyCharm Community Edition 2021.1.3\bin;;C:\Users\AnwarQ\AppData\Local\GitHubDesktop\bin;C:\Users\AnwarQ\AppData\Local\Programs\Python\Python39\edgedriver;C:\Program Files\Redis;C:\Program Files\JetBrains\IntelliJ IDEA 2021.2\bin;;C:\Program Files\apache-maven-3.8.2\bin;;."/>
    <property name="java.vendor" value="Oracle Corporation"/>
    <property name="java.vm.info" value="mixed mode"/>
    <property name="java.vm.version" value="11.0.11+9-LTS-194"/>
    <property name="sun.io.unicode.encoding" value="UnicodeLittle"/>
    <property name="java.class.version" value="55.0"/>
  </properties>
  <testcase name="testMainPageTitle" classname="main.java.MainPageTest" time="0.001">
    <system-err><![CDATA[Starting ChromeDriver 92.0.4515.43 (8c61b7e2989f2990d42f859cac71319137787cce-refs/branch-heads/4515@{#306}) on port 30001
Only local connections are allowed.St
aPrtliengas eC hsereom ehDtrtivpesr :9/2/.c0h.r4o51m5e.4d3r iv(8ec6r1b7.e298c9fh299r0do42f8m59caic71u31m91.3o7r78g7/ccse-erecfus/rbiratncyh--hceoadns/s45i1d5@e{r#at30i6o})n son  fpoorrt  2s59u59g
Ognelsyt ilooncsa oln  ckeoenpninegc CthiroomneDsr ivaerr es aalfleow.ed
.
Please see https://chromedriver.chromium.org/securityC-chonsrideromateDiornisv eforr  wsuaggse stsiotnasr toend  kseuecpciensgs fCuhlrloym.eD
river safe.
ChromeDriver was started successfully.
Aug 16, 2021 2:09:38 PM org.openqa.selenium.remote.ProtocolHandshake createSession
INFO: Detected dialect: W3C
Aug 16, 2021 2:09:38 PM org.openqa.selenium.remote.ProtocolHandshake createSession
INFO: Detected dialect: W3C
]]></system-err>
  </testcase>
  <testcase name="testMainPageHeaders" classname="main.java.MainPageTest" time="0.043"/>
  <testcase name="clickHomeButton" classname="main.java.MainPageTest" time="0.113"/>
  <testcase name="clickLoginButton" classname="main.java.MainPageTest" time="0.095">
    <failure message="expected [Address Book - Sign In] but found [Address Book]" type="java.lang.AssertionError"><![CDATA[java.lang.AssertionError: expected [Address Book - Sign In] but found [Address Book]
	at main.java.MainPageTest.clickLoginButton(MainPageTest.java:78)
]]></failure>
  </testcase>
  <testcase name="validateMainContents" classname="main.java.AfterSignInTest" time="0.247">
    <system-err><![CDATA[Starting ChromeDriver 92.0.4515.43 (8c61b7e2989f2990d42f859cac71319137787cce-refs/branch-heads/4515@{#306}) on port 40203
Only local connections are allowed.
Please see https://chromedriver.chromium.org/security-considerations for suggestions on keeping ChromeDriver safe.
ChromeDriver was started successfully.
]]></system-err>
  </testcase>
  <testcase name="testAddressBtn" classname="main.java.AfterSignInTest" time="0.866">
    <system-err><![CDATA[Aug 16, 2021 2:09:41 PM org.openqa.selenium.remote.ProtocolHandshake createSession
INFO: Detected dialect: W3C
]]></system-err>
  </testcase>
  <testcase name="createEmptyAddress" classname="main.java.AfterSignInTest" time="0.537">
    <failure message="expected [http://a.testaddressbook.com/addresses/new] but found [http://a.testaddressbook.com/addresses]" type="java.lang.AssertionError"><![CDATA[java.lang.AssertionError: expected [http://a.testaddressbook.com/addresses/new] but found [http://a.testaddressbook.com/addresses]
	at main.java.AfterSignInTest.createEmptyAddress(AfterSignInTest.java:157)
]]></failure>
  </testcase>
  <testcase name="createInvalidFirstNameAddress" classname="main.java.AfterSignInTest" time="0.287">
    <failure message="expected [false] but found [true]" type="java.lang.AssertionError"><![CDATA[java.lang.AssertionError: expected [false] but found [true]
	at main.java.AfterSignInTest.createInvalidFirstNameAddress(AfterSignInTest.java:167)
]]></failure>
  </testcase>
  <testcase name="createInvalidLastNameAddress" classname="main.java.AfterSignInTest" time="4.284">
    <failure message="expected [false] but found [true]" type="java.lang.AssertionError"><![CDATA[java.lang.AssertionError: expected [false] but found [true]
	at main.java.AfterSignInTest.createInvalidLastNameAddress(AfterSignInTest.java:178)
]]></failure>
    <system-out><![CDATA[PASSED: testMainPageHeaders
PASSED: testSignInPageElementsExist
PASSED: signIn
PASSED: testSignInPageTitle
PASSED: clickHomeButton
PASSED: testMainPageTitle
PASSED: testBadCredentialsInForm
PASSED: clickSignUpButton
FAILED: clickLoginButton
java.lang.AssertionError: expected [Address Book - Sign In] but found [Address Book]
	at org.testng.Assert.fail(Assert.java:99)
	at org.testng.Assert.failNotEquals(Assert.java:1037)
	at org.testng.Assert.assertEqualsImpl(Assert.java:140)
	at org.testng.Assert.assertEquals(Assert.java:122)
	at org.testng.Assert.assertEquals(Assert.java:629)
	at org.testng.Assert.assertEquals(Assert.java:639)
	at main.java.MainPageTest.clickLoginButton(MainPageTest.java:78)
	at java.base/jdk.internal.reflect.NativeMethodAccessorImpl.invoke0(Native Method)
	at java.base/jdk.internal.reflect.NativeMethodAccessorImpl.invoke(NativeMethodAccessorImpl.java:62)
	at java.base/jdk.internal.reflect.DelegatingMethodAccessorImpl.invoke(DelegatingMethodAccessorImpl.java:43)
	at java.base/java.lang.reflect.Method.invoke(Method.java:566)
	at org.testng.internal.MethodInvocationHelper.invokeMethod(MethodInvocationHelper.java:133)
	at org.testng.internal.TestInvoker.invokeMethod(TestInvoker.java:598)
	at org.testng.internal.TestInvoker.invokeTestMethod(TestInvoker.java:173)
	at org.testng.internal.MethodRunner.runInSequence(MethodRunner.java:46)
	at org.testng.internal.TestInvoker$MethodInvocationAgent.invoke(TestInvoker.java:824)
	at org.testng.internal.TestInvoker.invokeTestMethods(TestInvoker.java:146)
	at org.testng.internal.TestMethodWorker.invokeTestMethods(TestMethodWorker.java:146)
	at org.testng.internal.TestMethodWorker.run(TestMethodWorker.java:128)
	at java.base/java.util.ArrayList.forEach(ArrayList.java:1541)
	at org.testng.TestRunner.privateRun(TestRunner.java:794)
	at org.testng.TestRunner.run(TestRunner.java:596)
	at org.testng.SuiteRunner.runTest(SuiteRunner.java:377)
	at org.testng.SuiteRunner.access$000(SuiteRunner.java:28)
	at org.testng.SuiteRunner$SuiteWorker.run(SuiteRunner.java:418)
	at org.testng.internal.thread.ThreadUtil.lambda$execute$0(ThreadUtil.java:64)
	at java.base/java.util.concurrent.FutureTask.run(FutureTask.java:264)
	at java.base/java.util.concurrent.ThreadPoolExecutor.runWorker(ThreadPoolExecutor.java:1128)
	at java.base/java.util.concurrent.ThreadPoolExecutor$Worker.run(ThreadPoolExecutor.java:628)
	at java.base/java.lang.Thread.run(Thread.java:834)


===============================================
    C:/Users/Alqarout/IdeaProjects/FirstSeleniumTask-FirstFunctionality
    Tests run: 9, Failures: 1, Skips: 0
===============================================

]]></system-out>
  </testcase>
  <testcase name="createInvalidZipCodeAddress" classname="main.java.AfterSignInTest" time="4.263">
    <failure message="expected [false] but found [true]" type="java.lang.AssertionError"><![CDATA[java.lang.AssertionError: expected [false] but found [true]
	at main.java.AfterSignInTest.createInvalidZipCodeAddress(AfterSignInTest.java:190)
]]></failure>
  </testcase>
  <testcase name="createInvalidAgeAddress" classname="main.java.AfterSignInTest" time="4.341">
    <failure message="expected [false] but found [true]" type="java.lang.AssertionError"><![CDATA[java.lang.AssertionError: expected [false] but found [true]
	at main.java.AfterSignInTest.createInvalidAgeAddress(AfterSignInTest.java:215)
]]></failure>
  </testcase>
  <testcase name="createInvalidBirthdayAddress" classname="main.java.AfterSignInTest" time="4.627">
    <failure message="expected [false] but found [true]" type="java.lang.AssertionError"><![CDATA[java.lang.AssertionError: expected [false] but found [true]
	at main.java.AfterSignInTest.createInvalidBirthdayAddress(AfterSignInTest.java:248)
]]></failure>
  </testcase>
  <testcase name="createValidAddress" classname="main.java.AfterSignInTest" time="1.376"/>
  <testcase name="editAddressCorrectlyAfterCreation" classname="main.java.AfterSignInTest" time="1.96"/>
  <testcase name="editAddressIncorrectlyAfterCreation" classname="main.java.AfterSignInTest" time="2.016">
    <failure message="expected [http://a.testaddressbook.com/addresses/8779] but found [http://a.testaddressbook.com/addresses/8779/edit]" type="java.lang.AssertionError"><![CDATA[java.lang.AssertionError: expected [http://a.testaddressbook.com/addresses/8779] but found [http://a.testaddressbook.com/addresses/8779/edit]
	at main.java.AfterSignInTest.editAddressIncorrectlyAfterCreation(AfterSignInTest.java:300)
]]></failure>
  </testcase>
  <testcase name="listAddressAfterCreation" classname="main.java.AfterSignInTest" time="2.42"/>
  <testcase name="listAddressBeforeCreation" classname="main.java.AfterSignInTest" time="1.249"/>
  <testcase name="destroyAddress" classname="main.java.AfterSignInTest" time="1.299">
    <failure message="expected [true] but found [false]" type="java.lang.AssertionError"><![CDATA[java.lang.AssertionError: expected [true] but found [false]
	at main.java.AfterSignInTest.destroyAddress(AfterSignInTest.java:339)
]]></failure>
  </testcase>
  <testcase name="signOut" classname="main.java.AfterSignInTest" time="0.438"/>
  <testcase name="testSignInPageTitle" classname="main.java.SignInPageTest" time="0.007"/>
  <testcase name="testSignInPageElementsExist" classname="main.java.SignInPageTest" time="0.118"/>
  <testcase name="testBadCredentialsInForm" classname="main.java.SignInPageTest" time="2.379"/>
  <testcase name="clickSignUpButton" classname="main.java.SignInPageTest" time="0.525"/>
  <testcase name="signIn" classname="main.java.SignInPageTest" time="0.136"/>
</testsuite>