<?xml version="1.0" encoding="UTF-8"?>
<!-- Generated by org.testng.reporters.JUnitReportReporter -->
<testsuite hostname="DESKTOP-B1J68HV" failures="0" tests="5" name="main.java.SignInPageTest" time="5.975" errors="0" timestamp="2021-08-16T14:10:19 IDT" skipped="0">
  <testcase classname="main.java.SignInPageTest" name="testSignInPageElementsExist" time="0.342"/>
  <system-out/>
  <testcase classname="main.java.SignInPageTest" name="signIn" time="0.973"/>
  <system-out/>
  <testcase classname="main.java.SignInPageTest" name="testSignInPageTitle" time="0.228"/>
  <system-out/>
  <testcase classname="main.java.SignInPageTest" name="testBadCredentialsInForm" time="3.677"/>
  <system-out/>
  <testcase classname="main.java.SignInPageTest" name="clickSignUpButton" time="0.755"/>
  <system-out/>
</testsuite> <!-- main.java.SignInPageTest -->
