<?xml version="1.0" encoding="UTF-8"?>
<!-- Generated by org.testng.reporters.JUnitReportReporter -->
<testsuite hostname="DESKTOP-B1J68HV" failures="0" tests="5" name="main.java.SignInPageTest" time="20.626" errors="0" timestamp="2021-08-16T12:45:00 IDT" skipped="0">
  <testcase classname="main.java.SignInPageTest" name="signIn" time="16.484"/>
  <system-out/>
  <testcase classname="main.java.SignInPageTest" name="clickSignUpButton" time="0.759"/>
  <system-out/>
  <testcase classname="main.java.SignInPageTest" name="testBadCredentialsInForm" time="2.759"/>
  <system-out/>
  <testcase classname="main.java.SignInPageTest" name="testSignInPageElementsExist" time="0.370"/>
  <system-out/>
  <testcase classname="main.java.SignInPageTest" name="testSignInPageTitle" time="0.254"/>
  <system-out/>
</testsuite> <!-- main.java.SignInPageTest -->
